Сборка начата 09.08.2017 18:09:29.
     1>Проект "C:\Users\FAMILY\Desktop\phfsnew\build\physfs.vcxproj" в узле 2 (целевые объекты Build).
     1>CustomBuild:
         Building Custom Rule C:/Users/FAMILY/Desktop/phfsnew/CMakeLists.txt
         CMake does not need to re-run because C:/Users/FAMILY/Desktop/phfsnew/build/CMakeFiles/generate.stamp is up-to-date.
       ClCompile:
         C:\Program Files (x86)\Microsoft Visual Studio 12.0\VC\bin\CL.exe /c /IC:\Users\FAMILY\Desktop\phfsnew\. /IC:\Users\FAMILY\Desktop\phfsnew\zlib123 /Zi /nologo /W3 /WX- /Od /Ob0 /Oy- /D WIN32 /D _WINDOWS /D _CRT_SECURE_NO_WARNINGS=1 /D _REENTRANT /D _THREAD_SAFE /D HAVE_ASSERT_H=1 /D PHYSFS_SUPPORTS_ZIP=1 /D PHYSFS_SUPPORTS_7Z=1 /D PHYSFS_SUPPORTS_GRP=1 /D PHYSFS_SUPPORTS_WAD=1 /D PHYSFS_SUPPORTS_HOG=1 /D PHYSFS_SUPPORTS_MVL=1 /D PHYSFS_SUPPORTS_QPAK=1 /D Z_PREFIX=1 /D "CMAKE_INTDIR=\"Debug\"" /D physfs_EXPORTS /D _WINDLL /D _MBCS /Gm- /RTC1 /MDd /GS /fp:precise /Zc:wchar_t /Zc:forScope /Fo"physfs.dir\Debug\\" /Fd"physfs.dir\Debug\vc120.pdb" /Gd /TC /analyze- /errorReport:prompt C:\Users\FAMILY\Desktop\phfsnew\physfs.c C:\Users\FAMILY\Desktop\phfsnew\physfs_byteorder.c C:\Users\FAMILY\Desktop\phfsnew\physfs_unicode.c C:\Users\FAMILY\Desktop\phfsnew\platform\os2.c C:\Users\FAMILY\Desktop\phfsnew\platform\pocketpc.c C:\Users\FAMILY\Desktop\phfsnew\platform\posix.c C:\Users\FAMILY\Desktop\phfsnew\platform\unix.c C:\Users\FAMILY\Desktop\phfsnew\platform\macosx.c C:\Users\FAMILY\Desktop\phfsnew\platform\windows.c C:\Users\FAMILY\Desktop\phfsnew\archivers\dir.c C:\Users\FAMILY\Desktop\phfsnew\archivers\grp.c C:\Users\FAMILY\Desktop\phfsnew\archivers\hog.c C:\Users\FAMILY\Desktop\phfsnew\archivers\lzma.c C:\Users\FAMILY\Desktop\phfsnew\archivers\mvl.c C:\Users\FAMILY\Desktop\phfsnew\archivers\qpak.c C:\Users\FAMILY\Desktop\phfsnew\archivers\wad.c C:\Users\FAMILY\Desktop\phfsnew\archivers\zip.c C:\Users\FAMILY\Desktop\phfsnew\lzma\C\7zCrc.c C:\Users\FAMILY\Desktop\phfsnew\lzma\C\Archive\7z\7zBuffer.c C:\Users\FAMILY\Desktop\phfsnew\lzma\C\Archive\7z\7zDecode.c C:\Users\FAMILY\Desktop\phfsnew\lzma\C\Archive\7z\7zExtract.c C:\Users\FAMILY\Desktop\phfsnew\lzma\C\Archive\7z\7zHeader.c C:\Users\FAMILY\Desktop\phfsnew\lzma\C\Archive\7z\7zIn.c C:\Users\FAMILY\Desktop\phfsnew\lzma\C\Archive\7z\7zItem.c C:\Users\FAMILY\Desktop\phfsnew\lzma\C\Archive\7z\7zMethodID.c C:\Users\FAMILY\Desktop\phfsnew\lzma\C\Compress\Branch\BranchX86.c C:\Users\FAMILY\Desktop\phfsnew\lzma\C\Compress\Branch\BranchX86_2.c C:\Users\FAMILY\Desktop\phfsnew\lzma\C\Compress\Lzma\LzmaDecode.c C:\Users\FAMILY\Desktop\phfsnew\zlib123\adler32.c C:\Users\FAMILY\Desktop\phfsnew\zlib123\compress.c C:\Users\FAMILY\Desktop\phfsnew\zlib123\crc32.c C:\Users\FAMILY\Desktop\phfsnew\zlib123\deflate.c C:\Users\FAMILY\Desktop\phfsnew\zlib123\gzio.c C:\Users\FAMILY\Desktop\phfsnew\zlib123\infback.c C:\Users\FAMILY\Desktop\phfsnew\zlib123\inffast.c C:\Users\FAMILY\Desktop\phfsnew\zlib123\inflate.c C:\Users\FAMILY\Desktop\phfsnew\zlib123\inftrees.c C:\Users\FAMILY\Desktop\phfsnew\zlib123\trees.c C:\Users\FAMILY\Desktop\phfsnew\zlib123\uncompr.c C:\Users\FAMILY\Desktop\phfsnew\zlib123\zutil.c
         physfs.c
         physfs_byteorder.c
         physfs_unicode.c
         os2.c
         pocketpc.c
         posix.c
         unix.c
         macosx.c
         windows.c
     1>C:\Users\FAMILY\Desktop\phfsnew\platform\windows.c(949): warning C4996: 'GetVersionExA': объявлен deprecate
                 C:\Program Files (x86)\Windows Kits\8.1\Include\um\sysinfoapi.h(433): см. объявление "GetVersionExA"
         dir.c
         grp.c
         hog.c
         lzma.c
     1>C:\Users\FAMILY\Desktop\phfsnew\archivers\lzma.c(134): warning C4244: инициализация: преобразование "PHYSFS_sint64" в "size_t", возможна потеря данных
     1>C:\Users\FAMILY\Desktop\phfsnew\archivers\lzma.c(331): warning C4244: инициализация: преобразование "CFileSize" в "size_t", возможна потеря данных
     1>C:\Users\FAMILY\Desktop\phfsnew\archivers\lzma.c(407): warning C4244: =: преобразование "PHYSFS_uint64" в "size_t", возможна потеря данных
         mvl.c
         qpak.c
         wad.c
         zip.c
         7zCrc.c
         7zBuffer.c
         7zDecode.c
         Создание кода...
         Компиляция...
         7zExtract.c
         7zHeader.c
         7zIn.c
         7zItem.c
         7zMethodID.c
         BranchX86.c
         BranchX86_2.c
         LzmaDecode.c
         adler32.c
         compress.c
         crc32.c
         deflate.c
         gzio.c
         infback.c
         inffast.c
         inflate.c
         inftrees.c
         trees.c
         uncompr.c
         zutil.c
         Создание кода...
       Link:
         C:\Program Files (x86)\Microsoft Visual Studio 12.0\VC\bin\link.exe /ERRORREPORT:PROMPT /OUT:"C:\Users\FAMILY\Desktop\phfsnew\build\Debug\physfs.dll" /INCREMENTAL /NOLOGO kernel32.lib user32.lib gdi32.lib winspool.lib shell32.lib ole32.lib oleaut32.lib uuid.lib comdlg32.lib advapi32.lib /MANIFEST /MANIFESTUAC:"level='asInvoker' uiAccess='false'" /manifest:embed /DEBUG /PDB:"C:/Users/FAMILY/Desktop/phfsnew/build/Debug/physfs.pdb" /SUBSYSTEM:CONSOLE /TLBID:1 /DYNAMICBASE /NXCOMPAT /IMPLIB:"C:/Users/FAMILY/Desktop/phfsnew/build/Debug/physfs.lib" /MACHINE:X86 /SAFESEH  /machine:X86 /DLL physfs.dir\Debug\physfs.obj
         physfs.dir\Debug\physfs_byteorder.obj
         physfs.dir\Debug\physfs_unicode.obj
         physfs.dir\Debug\os2.obj
         physfs.dir\Debug\pocketpc.obj
         physfs.dir\Debug\posix.obj
         physfs.dir\Debug\unix.obj
         physfs.dir\Debug\macosx.obj
         physfs.dir\Debug\windows.obj
         physfs.dir\Debug\dir.obj
         physfs.dir\Debug\grp.obj
         physfs.dir\Debug\hog.obj
         physfs.dir\Debug\lzma.obj
         physfs.dir\Debug\mvl.obj
         physfs.dir\Debug\qpak.obj
         physfs.dir\Debug\wad.obj
         physfs.dir\Debug\zip.obj
         physfs.dir\Debug\7zCrc.obj
         physfs.dir\Debug\7zBuffer.obj
         physfs.dir\Debug\7zDecode.obj
         physfs.dir\Debug\7zExtract.obj
         physfs.dir\Debug\7zHeader.obj
         physfs.dir\Debug\7zIn.obj
         physfs.dir\Debug\7zItem.obj
         physfs.dir\Debug\7zMethodID.obj
         physfs.dir\Debug\BranchX86.obj
         physfs.dir\Debug\BranchX86_2.obj
         physfs.dir\Debug\LzmaDecode.obj
         physfs.dir\Debug\adler32.obj
         physfs.dir\Debug\compress.obj
         physfs.dir\Debug\crc32.obj
         physfs.dir\Debug\deflate.obj
         physfs.dir\Debug\gzio.obj
         physfs.dir\Debug\infback.obj
         physfs.dir\Debug\inffast.obj
         physfs.dir\Debug\inflate.obj
         physfs.dir\Debug\inftrees.obj
         physfs.dir\Debug\trees.obj
         physfs.dir\Debug\uncompr.obj
         physfs.dir\Debug\zutil.obj
            Создается библиотека C:/Users/FAMILY/Desktop/phfsnew/build/Debug/physfs.lib и объект C:/Users/FAMILY/Desktop/phfsnew/build/Debug/physfs.exp
         physfs.vcxproj -> C:\Users\FAMILY\Desktop\phfsnew\build\Debug\physfs.dll
     1>Сборка проекта "C:\Users\FAMILY\Desktop\phfsnew\build\physfs.vcxproj" завершена (целевые объекты Build).

Сборка успешно завершена.

Затраченное время: 00:00:05.36
