d:\college_game_level3\pr_fly\logic\release\vc120.pdb
d:\college_game_level3\pr_fly\logic\release\upgradeclass.obj
d:\college_game_level3\pr_fly\logic\release\level.obj
d:\college_game_level3\pr_fly\logic\release\gamefield.obj
d:\college_game_level3\pr_fly\logic\release\logic.pch
d:\college_game_level3\pr_fly\logic\release\stdafx.obj
d:\college_game_level3\pr_fly\logic\release\stayenemy.obj
d:\college_game_level3\pr_fly\logic\release\settings.obj
d:\college_game_level3\pr_fly\logic\release\setofenemy.obj
d:\college_game_level3\pr_fly\logic\release\playersaveslotdef.obj
d:\college_game_level3\pr_fly\logic\release\player.obj
d:\college_game_level3\pr_fly\logic\release\pixelperfect.obj
d:\college_game_level3\pr_fly\logic\release\movingenemy.obj
d:\college_game_level3\pr_fly\logic\release\mainmenu.obj
d:\college_game_level3\pr_fly\logic\release\logic.obj
d:\college_game_level3\pr_fly\logic\release\loadgame.obj
d:\college_game_level3\pr_fly\logic\release\levelmenager.obj
d:\college_game_level3\pr_fly\logic\release\intersects.obj
d:\college_game_level3\pr_fly\logic\release\hud.obj
d:\college_game_level3\pr_fly\logic\release\gamedifficulty.obj
d:\college_game_level3\pr_fly\logic\release\bullet.obj
d:\college_game_level3\pr_fly\logic\release\basemenu.obj
d:\college_game_level3\pr_fly\logic\release\baseenemy.obj
d:\college_game_level3\pr_fly\logic\release\tinyxml2.obj
d:\college_game_level3\pr_fly\logic\release\upgrademenager.obj
d:\college_game_level3\pr_fly\logic\release\dllmain.obj
d:\college_game_level3\pr_fly\logic\release\savegame.obj
d:\college_game_level3\pr_fly\release\logic.dll
d:\college_game_level3\pr_fly\release\logic.pdb
d:\college_game_level3\pr_fly\release\logic.lib
d:\college_game_level3\pr_fly\release\logic.exp
d:\college_game_level3\pr_fly\logic\release\logic.tlog\cl.command.1.tlog
d:\college_game_level3\pr_fly\logic\release\logic.tlog\cl.read.1.tlog
d:\college_game_level3\pr_fly\logic\release\logic.tlog\cl.write.1.tlog
d:\college_game_level3\pr_fly\logic\release\logic.tlog\link.command.1.tlog
d:\college_game_level3\pr_fly\logic\release\logic.tlog\link.read.1.tlog
d:\college_game_level3\pr_fly\logic\release\logic.tlog\link.write.1.tlog
d:\college_game_level3\pr_fly\logic\release\logic.tlog\logic.write.1u.tlog
