Сборка начата 17.02.2018 21:39:59.
     1>Проект "C:\Projects\PR_FLY\SoundSystem\SoundSystem.vcxproj" в узле 2 (целевые объекты Build).
     1>ClCompile:
         C:\Program Files (x86)\Microsoft Visual Studio 12.0\VC\bin\CL.exe /c /I"..\PR_FLY\SFML-2.4.2\include" /ZI /nologo /W3 /WX- /sdl /Od /Oy- /D SFML_DYNAMIC /D WIN32 /D _DEBUG /D _WINDOWS /D _USRDLL /D SOUNDSYSTEM_EXPORTS /D _WINDLL /D _UNICODE /D UNICODE /Gm /EHsc /RTC1 /MDd /GS /fp:precise /Zc:wchar_t /Zc:forScope /Yu"stdafx.h" /Fp"Debug\SoundSystem.pch" /Fo"Debug\\" /Fd"Debug\vc120.pdb" /Gd /TP /analyze- /errorReport:prompt SoundSystem.cpp
         SoundSystem.cpp
     1>c:\projects\pr_fly\soundsystem\soundexceptions.h(15): warning C4251: Exceptions::SoundSystemError::Message: class "std::basic_string<char,std::char_traits<char>,std::allocator<char>>" должен иметь dll-интерфейс для использования клиентами class "Exceptions::SoundSystemError"
     1>c:\projects\pr_fly\soundsystem\soundsystem.cpp(32): warning C4244: =: преобразование "std::streamoff" в "int", возможна потеря данных
     1>c:\projects\pr_fly\soundsystem\soundsystem.cpp(94): warning C4018: <: несоответствие типов со знаком и без знака
     1>c:\projects\pr_fly\soundsystem\soundsystem.cpp(110): warning C4018: <: несоответствие типов со знаком и без знака
     1>c:\projects\pr_fly\soundsystem\soundsystem.cpp(123): warning C4018: <: несоответствие типов со знаком и без знака
     1>c:\projects\pr_fly\soundsystem\soundsystem.cpp(136): warning C4018: <: несоответствие типов со знаком и без знака
     1>c:\projects\pr_fly\soundsystem\soundsystem.cpp(145): warning C4018: <: несоответствие типов со знаком и без знака
       Link:
         C:\Program Files (x86)\Microsoft Visual Studio 12.0\VC\bin\link.exe /ERRORREPORT:PROMPT /OUT:"C:\Projects\PR_FLY\Debug\SoundSystem.dll" /INCREMENTAL /NOLOGO /LIBPATH:"..\PR_FLY\SFML-2.4.2\lib" "sfml-audio-d.lib" openal32.lib flac.lib vorbisenc.lib vorbisfile.lib vorbis.lib ogg.lib kernel32.lib user32.lib gdi32.lib winspool.lib comdlg32.lib advapi32.lib shell32.lib ole32.lib oleaut32.lib uuid.lib odbc32.lib odbccp32.lib /MANIFEST /MANIFESTUAC:"level='asInvoker' uiAccess='false'" /manifest:embed /DEBUG /PDB:"C:\Projects\PR_FLY\Debug\SoundSystem.pdb" /SUBSYSTEM:WINDOWS /TLBID:1 /DYNAMICBASE /NXCOMPAT /IMPLIB:"C:\Projects\PR_FLY\Debug\SoundSystem.lib" /MACHINE:X86 /DLL Debug\dllmain.obj
         Debug\SoundControl.obj
         Debug\SoundSystem.obj
         Debug\stdafx.obj
         Debug\tinyxml2.obj
         SoundSystem.vcxproj -> C:\Projects\PR_FLY\Debug\SoundSystem.dll
     1>Сборка проекта "C:\Projects\PR_FLY\SoundSystem\SoundSystem.vcxproj" завершена (целевые объекты Build).

Сборка успешно завершена.

Затраченное время: 00:00:02.43
