c:\users\wario\source\repos\pr_fly\soundsystem\debug\soundsystem.pch
c:\users\wario\source\repos\pr_fly\soundsystem\debug\vc120.pdb
c:\users\wario\source\repos\pr_fly\soundsystem\debug\vc120.idb
c:\users\wario\source\repos\pr_fly\soundsystem\debug\stdafx.obj
c:\users\wario\source\repos\pr_fly\soundsystem\debug\dllmain.obj
c:\users\wario\source\repos\pr_fly\soundsystem\debug\soundcontrol.obj
c:\users\wario\source\repos\pr_fly\soundsystem\debug\soundsystem.obj
c:\users\wario\source\repos\pr_fly\soundsystem\debug\tinyxml2.obj
c:\users\wario\source\repos\pr_fly\debug\soundsystem.ilk
c:\users\wario\source\repos\pr_fly\debug\soundsystem.dll
c:\users\wario\source\repos\pr_fly\debug\soundsystem.pdb
c:\users\wario\source\repos\pr_fly\debug\soundsystem.lib
c:\users\wario\source\repos\pr_fly\debug\soundsystem.exp
c:\users\wario\source\repos\pr_fly\soundsystem\debug\soundsystem.tlog\cl.command.1.tlog
c:\users\wario\source\repos\pr_fly\soundsystem\debug\soundsystem.tlog\cl.read.1.tlog
c:\users\wario\source\repos\pr_fly\soundsystem\debug\soundsystem.tlog\cl.write.1.tlog
c:\users\wario\source\repos\pr_fly\soundsystem\debug\soundsystem.tlog\link.command.1.tlog
c:\users\wario\source\repos\pr_fly\soundsystem\debug\soundsystem.tlog\link.read.1.tlog
c:\users\wario\source\repos\pr_fly\soundsystem\debug\soundsystem.tlog\link.write.1.tlog
c:\users\wario\source\repos\pr_fly\soundsystem\debug\soundsystem.tlog\soundsystem.write.1u.tlog
