Сборка начата 15.03.2018 21:41:24.
     1>Проект "D:\College_Game_Level3\PR_FLY\PR_FLY\PR_FLY.vcxproj" в узле 2 (целевые объекты Build).
     1>ClCompile:
         C:\Program Files (x86)\Microsoft Visual Studio 12.0\VC\bin\CL.exe /c /I..\SoundSystem /I..\Logic /I".\SFML-2.4.2\include" /Zi /nologo /W3 /WX- /sdl /O2 /Oi /Oy- /GL /D WIN32 /D NDEBUG /D _WINDOWS /D SFML_DYNAMIC /D _UNICODE /D UNICODE /Gm- /EHsc /MD /GS /Gy /fp:precise /Zc:wchar_t /Zc:forScope /Fo"Release\\" /Fd"Release\vc120.pdb" /Gd /TP /analyze- /errorReport:prompt Game.cpp main.cpp
         Game.cpp
     1>D:\College_Game_Level3\PR_FLY\Logic\ExceptionsDefenitions.hpp(61): warning C4275: class "Exceptions::BaseException", не являющийся dll-интерфейсом, использован в качестве базового для dll-интерфейса class "Exceptions::SettingsClose"
                 D:\College_Game_Level3\PR_FLY\Logic\ExceptionsDefenitions.hpp(17): см. объявление "Exceptions::BaseException"
                 D:\College_Game_Level3\PR_FLY\Logic\ExceptionsDefenitions.hpp(60): см. объявление "Exceptions::SettingsClose"
     1>D:\College_Game_Level3\PR_FLY\Logic\ExceptionsDefenitions.hpp(79): warning C4275: class "Exceptions::BaseException", не являющийся dll-интерфейсом, использован в качестве базового для dll-интерфейса class "Exceptions::ProcessingEnemyCriticalError"
                 D:\College_Game_Level3\PR_FLY\Logic\ExceptionsDefenitions.hpp(17): см. объявление "Exceptions::BaseException"
                 D:\College_Game_Level3\PR_FLY\Logic\ExceptionsDefenitions.hpp(78): см. объявление "Exceptions::ProcessingEnemyCriticalError"
     1>D:\College_Game_Level3\PR_FLY\Logic\ExceptionsDefenitions.hpp(152): warning C4275: class "Exceptions::BaseException", не являющийся dll-интерфейсом, использован в качестве базового для dll-интерфейса class "Exceptions::GameWantToSwitchToMenu"
                 D:\College_Game_Level3\PR_FLY\Logic\ExceptionsDefenitions.hpp(17): см. объявление "Exceptions::BaseException"
                 D:\College_Game_Level3\PR_FLY\Logic\ExceptionsDefenitions.hpp(151): см. объявление "Exceptions::GameWantToSwitchToMenu"
     1>d:\college_game_level3\pr_fly\logic\InterSects.h(60): warning C4244: -=: преобразование "double" в "int", возможна потеря данных
     1>d:\college_game_level3\pr_fly\logic\InterSects.h(62): warning C4244: -=: преобразование "double" в "int", возможна потеря данных
     1>d:\college_game_level3\pr_fly\logic\InterSects.h(74): warning C4244: -=: преобразование "double" в "int", возможна потеря данных
     1>Game.cpp(27): warning C4244: аргумент: преобразование "double" в "float", возможна потеря данных
     1>Game.cpp(74): warning C4244: аргумент: преобразование "double" в "unsigned int", возможна потеря данных
     1>Game.cpp(81): warning C4244: инициализация: преобразование "sf::Int64" в "float", возможна потеря данных
     1>Game.cpp(104): warning C4101: Ex: неиспользованная локальная переменная
     1>Game.cpp(131): warning C4101: Ex: неиспользованная локальная переменная
     1>Game.cpp(228): warning C4244: аргумент: преобразование "int" в "float", возможна потеря данных
     1>Game.cpp(235): warning C4244: =: преобразование "double" в "int", возможна потеря данных
     1>Game.cpp(236): warning C4244: =: преобразование "double" в "int", возможна потеря данных
         main.cpp
     1>D:\College_Game_Level3\PR_FLY\Logic\ExceptionsDefenitions.hpp(61): warning C4275: class "Exceptions::BaseException", не являющийся dll-интерфейсом, использован в качестве базового для dll-интерфейса class "Exceptions::SettingsClose"
                 D:\College_Game_Level3\PR_FLY\Logic\ExceptionsDefenitions.hpp(17): см. объявление "Exceptions::BaseException"
                 D:\College_Game_Level3\PR_FLY\Logic\ExceptionsDefenitions.hpp(60): см. объявление "Exceptions::SettingsClose"
     1>D:\College_Game_Level3\PR_FLY\Logic\ExceptionsDefenitions.hpp(79): warning C4275: class "Exceptions::BaseException", не являющийся dll-интерфейсом, использован в качестве базового для dll-интерфейса class "Exceptions::ProcessingEnemyCriticalError"
                 D:\College_Game_Level3\PR_FLY\Logic\ExceptionsDefenitions.hpp(17): см. объявление "Exceptions::BaseException"
                 D:\College_Game_Level3\PR_FLY\Logic\ExceptionsDefenitions.hpp(78): см. объявление "Exceptions::ProcessingEnemyCriticalError"
     1>D:\College_Game_Level3\PR_FLY\Logic\ExceptionsDefenitions.hpp(152): warning C4275: class "Exceptions::BaseException", не являющийся dll-интерфейсом, использован в качестве базового для dll-интерфейса class "Exceptions::GameWantToSwitchToMenu"
                 D:\College_Game_Level3\PR_FLY\Logic\ExceptionsDefenitions.hpp(17): см. объявление "Exceptions::BaseException"
                 D:\College_Game_Level3\PR_FLY\Logic\ExceptionsDefenitions.hpp(151): см. объявление "Exceptions::GameWantToSwitchToMenu"
     1>d:\college_game_level3\pr_fly\logic\InterSects.h(60): warning C4244: -=: преобразование "double" в "int", возможна потеря данных
     1>d:\college_game_level3\pr_fly\logic\InterSects.h(62): warning C4244: -=: преобразование "double" в "int", возможна потеря данных
     1>d:\college_game_level3\pr_fly\logic\InterSects.h(74): warning C4244: -=: преобразование "double" в "int", возможна потеря данных
       Link:
         C:\Program Files (x86)\Microsoft Visual Studio 12.0\VC\bin\link.exe /ERRORREPORT:PROMPT /OUT:"D:\College_Game_Level3\PR_FLY\Release\PR_FLY.exe" /INCREMENTAL:NO /NOLOGO /LIBPATH:".\SFML-2.4.2\lib" "sfml-audio.lib" openal32.lib flac.lib vorbisenc.lib vorbisfile.lib vorbis.lib ogg.lib "sfml-graphics.lib" "sfml-window.lib" "sfml-system.lib" "sfml-main.lib" kernel32.lib user32.lib gdi32.lib winspool.lib comdlg32.lib advapi32.lib shell32.lib ole32.lib oleaut32.lib uuid.lib odbc32.lib odbccp32.lib /MANIFEST /MANIFESTUAC:"level='asInvoker' uiAccess='false'" /manifest:embed /DEBUG /PDB:"D:\College_Game_Level3\PR_FLY\Release\PR_FLY.pdb" /SUBSYSTEM:WINDOWS /OPT:REF /OPT:ICF /LTCG /TLBID:1 /DYNAMICBASE /NXCOMPAT /IMPLIB:"D:\College_Game_Level3\PR_FLY\Release\PR_FLY.lib" /MACHINE:X86 /SAFESEH Release\Game.obj
         Release\main.obj
         D:\College_Game_Level3\PR_FLY\Release\Logic.lib
         D:\College_Game_Level3\PR_FLY\Release\SoundSystem.lib
            Создается библиотека D:\College_Game_Level3\PR_FLY\Release\PR_FLY.lib и объект D:\College_Game_Level3\PR_FLY\Release\PR_FLY.exp
         Создание кода
         Создание кода завершено
         PR_FLY.vcxproj -> D:\College_Game_Level3\PR_FLY\Release\PR_FLY.exe
     1>Сборка проекта "D:\College_Game_Level3\PR_FLY\PR_FLY\PR_FLY.vcxproj" завершена (целевые объекты Build).

Сборка успешно завершена.

Затраченное время: 00:00:03.61
