c:\users\vitalik\desktop\pr\logic\debug\logic.pch
c:\users\vitalik\desktop\pr\logic\debug\vc120.pdb
c:\users\vitalik\desktop\pr\logic\debug\vc120.idb
c:\users\vitalik\desktop\pr\logic\debug\stdafx.obj
c:\users\vitalik\desktop\pr\logic\debug\level.obj
c:\users\vitalik\desktop\pr\logic\debug\levelboss.obj
c:\users\vitalik\desktop\pr\logic\debug\levelmenager.obj
c:\users\vitalik\desktop\pr\logic\debug\enemy.obj
c:\users\vitalik\desktop\pr\logic\debug\gamefield.obj
c:\users\vitalik\desktop\pr\logic\debug\gamemenu.obj
c:\users\vitalik\desktop\pr\logic\debug\hud.obj
c:\users\vitalik\desktop\pr\logic\debug\loadgameclass.obj
c:\users\vitalik\desktop\pr\logic\debug\logic.obj
c:\users\vitalik\desktop\pr\logic\debug\movingenemy.obj
c:\users\vitalik\desktop\pr\logic\debug\pixelperfect.obj
c:\users\vitalik\desktop\pr\logic\debug\player_class.obj
c:\users\vitalik\desktop\pr\logic\debug\setofbullets.obj
c:\users\vitalik\desktop\pr\logic\debug\setofenemy.obj
c:\users\vitalik\desktop\pr\logic\debug\settings.obj
c:\users\vitalik\desktop\pr\logic\debug\stationarenemy.obj
c:\users\vitalik\desktop\pr\logic\debug\things.obj
c:\users\vitalik\desktop\pr\logic\debug\tinyxml2.obj
c:\users\vitalik\desktop\pr\logic\debug\transitscreen.obj
c:\users\vitalik\desktop\pr\logic\debug\upgradescreen.obj
c:\users\vitalik\desktop\pr\logic\debug\exceptions.obj
c:\users\vitalik\desktop\pr\logic\debug\background_class.obj
c:\users\vitalik\desktop\pr\logic\debug\baseenemy.obj
c:\users\vitalik\desktop\pr\logic\debug\basemenu.obj
c:\users\vitalik\desktop\pr\logic\debug\bullet.obj
c:\users\vitalik\desktop\pr\logic\debug\configreader.obj
c:\users\vitalik\desktop\pr\logic\debug\intersectsmenager.obj
c:\users\vitalik\desktop\pr\logic\debug\dllmain.obj
c:\users\vitalik\desktop\pr\debug\logic.ilk
c:\users\vitalik\desktop\pr\debug\logic.dll
c:\users\vitalik\desktop\pr\debug\logic.pdb
c:\users\vitalik\desktop\pr\debug\logic.lib
c:\users\vitalik\desktop\pr\debug\logic.exp
c:\users\vitalik\desktop\pr\logic\debug\logic.tlog\cl.command.1.tlog
c:\users\vitalik\desktop\pr\logic\debug\logic.tlog\cl.read.1.tlog
c:\users\vitalik\desktop\pr\logic\debug\logic.tlog\cl.write.1.tlog
c:\users\vitalik\desktop\pr\logic\debug\logic.tlog\link.command.1.tlog
c:\users\vitalik\desktop\pr\logic\debug\logic.tlog\link.read.1.tlog
c:\users\vitalik\desktop\pr\logic\debug\logic.tlog\link.write.1.tlog
c:\users\vitalik\desktop\pr\logic\debug\logic.tlog\logic.write.1u.tlog
